#
# There is insufficient memory for the Java Runtime Environment to continue.
# Native memory allocation (malloc) failed to allocate 1048576 bytes for AllocateHeap
# Possible reasons:
#   The system is out of physical RAM or swap space
#   In 32 bit mode, the process size limit was hit
# Possible solutions:
#   Reduce memory load on the system
#   Increase physical memory or swap space
#   Check if swap backing store is full
#   Use 64 bit Java on a 64 bit OS
#   Decrease Java heap size (-Xmx/-Xms)
#   Decrease number of Java threads
#   Decrease Java thread stack sizes (-Xss)
#   Set larger code cache with -XX:ReservedCodeCacheSize=
# This output file may be truncated or incomplete.
#
#  Out of Memory Error (memory/allocation.inline.hpp:61), pid=3676, tid=0x0000000000003d28
#
# JRE version:  (8.0_181-b13) (build )
# Java VM: Java HotSpot(TM) 64-Bit Server VM (25.181-b13 mixed mode windows-amd64 compressed oops)
# Failed to write core dump. Minidumps are not enabled by default on client versions of Windows
#

---------------  T H R E A D  ---------------

Current thread (0x0000000003550000):  JavaThread "Unknown thread" [_thread_in_vm, id=15656, stack(0x00000000033b0000,0x00000000034b0000)]

Stack: [0x00000000033b0000,0x00000000034b0000]
[error occurred during error reporting (printing stack bounds), id 0xc0000005]

Native frames: (J=compiled Java code, j=interpreted, Vv=VM code, C=native code)


---------------  P R O C E S S  ---------------

Java Threads: ( => current thread )

Other Threads:

=>0x0000000003550000 (exited) JavaThread "Unknown thread" [_thread_in_vm, id=15656, stack(0x00000000033b0000,0x00000000034b0000)]

VM state:not at safepoint (normal execution)

VM Mutex/Monitor currently owned by a thread: None

Heap:
 PSYoungGen      total 229376K, used 3932K [0x00000000eab00000, 0x00000000fab00000, 0x0000000100000000)
  eden space 196608K, 2% used [0x00000000eab00000,0x00000000eaed70b0,0x00000000f6b00000)
  from space 32768K, 0% used [0x00000000f8b00000,0x00000000f8b00000,0x00000000fab00000)
  to   space 32768K, 0% used [0x00000000f6b00000,0x00000000f6b00000,0x00000000f8b00000)
 ParOldGen       total 524288K, used 0K [0x00000000c0000000, 0x00000000e0000000, 0x00000000eab00000)
  object space 524288K, 0% used [0x00000000c0000000,0x00000000c0000000,0x00000000e0000000)
 Metaspace       used 775K, capacity 4480K, committed 4480K, reserved 1056768K
  class space    used 76K, capacity 384K, committed 384K, reserved 1048576K

Card table byte_map: [0x0000000012a00000,0x0000000012c10000] byte_map_base: 0x0000000012400000

Marking Bits: (ParMarkBitMap*) 0x000000006a012d00
 Begin Bits: [0x0000000013570000, 0x0000000014570000)
 End Bits:   [0x0000000014570000, 0x0000000015570000)

Polling page: 0x0000000001710000

CodeCache: size=245760Kb used=327Kb max_used=327Kb free=245432Kb
 bounds [0x0000000003640000, 0x00000000038b0000, 0x0000000012640000]
 total_blobs=57 nmethods=0 adapters=38
 compilation: enabled

Compilation events (0 events):
No events

GC Heap History (0 events):
No events

Deoptimization events (0 events):
No events

Classes redefined (0 events):
No events

Internal exceptions (0 events):
No events

Events (10 events):
Event: 0.032 loading class java/lang/Short
Event: 0.032 loading class java/lang/Short done
Event: 0.032 loading class java/lang/Integer
Event: 0.032 loading class java/lang/Integer done
Event: 0.032 loading class java/lang/Long
Event: 0.032 loading class java/lang/Long done
Event: 0.033 loading class java/lang/NullPointerException
Event: 0.033 loading class java/lang/NullPointerException done
Event: 0.033 loading class java/lang/ArithmeticException
Event: 0.033 loading class java/lang/ArithmeticException done


Dynamic libraries:
0x00007ff75c940000 - 0x00007ff75c977000 	C:\Program Files\Java\jdk1.8.0_181\bin\java.exe
0x00007ffa61fb0000 - 0x00007ffa621a5000 	C:\WINDOWS\SYSTEM32\ntdll.dll
0x00007ffa61d60000 - 0x00007ffa61e1e000 	C:\WINDOWS\System32\KERNEL32.DLL
0x00007ffa5fc00000 - 0x00007ffa5fec9000 	C:\WINDOWS\System32\KERNELBASE.dll
0x00007ffa60b20000 - 0x00007ffa60bcc000 	C:\WINDOWS\System32\ADVAPI32.dll
0x00007ffa619e0000 - 0x00007ffa61a7e000 	C:\WINDOWS\System32\msvcrt.dll
0x00007ffa608d0000 - 0x00007ffa6096b000 	C:\WINDOWS\System32\sechost.dll
0x00007ffa61e20000 - 0x00007ffa61f4a000 	C:\WINDOWS\System32\RPCRT4.dll
0x00007ffa60060000 - 0x00007ffa60201000 	C:\WINDOWS\System32\USER32.dll
0x00007ffa5f6d0000 - 0x00007ffa5f6f2000 	C:\WINDOWS\System32\win32u.dll
0x00007ffa602f0000 - 0x00007ffa6031b000 	C:\WINDOWS\System32\GDI32.dll
0x00007ffa5f700000 - 0x00007ffa5f80b000 	C:\WINDOWS\System32\gdi32full.dll
0x00007ffa5fb60000 - 0x00007ffa5fbfd000 	C:\WINDOWS\System32\msvcp_win.dll
0x00007ffa5f9d0000 - 0x00007ffa5fad0000 	C:\WINDOWS\System32\ucrtbase.dll
0x00007ffa4fd20000 - 0x00007ffa4ffba000 	C:\WINDOWS\WinSxS\amd64_microsoft.windows.common-controls_6595b64144ccf1df_6.0.19041.1110_none_60b5254171f9507e\COMCTL32.dll
0x00007ffa61ba0000 - 0x00007ffa61bd0000 	C:\WINDOWS\System32\IMM32.DLL
0x000000006b400000 - 0x000000006b4d2000 	C:\Program Files\Java\jdk1.8.0_181\jre\bin\msvcr100.dll
0x00000000697f0000 - 0x000000006a092000 	C:\Program Files\Java\jdk1.8.0_181\jre\bin\server\jvm.dll
0x00007ffa619c0000 - 0x00007ffa619c8000 	C:\WINDOWS\System32\PSAPI.DLL
0x00007ffa5f180000 - 0x00007ffa5f18a000 	C:\WINDOWS\SYSTEM32\VERSION.dll
0x00007ffa5de70000 - 0x00007ffa5de97000 	C:\WINDOWS\SYSTEM32\WINMM.dll
0x00007ffa460c0000 - 0x00007ffa460c9000 	C:\WINDOWS\SYSTEM32\WSOCK32.dll
0x00007ffa61880000 - 0x00007ffa618eb000 	C:\WINDOWS\System32\WS2_32.dll
0x000000006b3f0000 - 0x000000006b3ff000 	C:\Program Files\Java\jdk1.8.0_181\jre\bin\verify.dll
0x000000006b3c0000 - 0x000000006b3e9000 	C:\Program Files\Java\jdk1.8.0_181\jre\bin\java.dll
0x000000006b3a0000 - 0x000000006b3b6000 	C:\Program Files\Java\jdk1.8.0_181\jre\bin\zip.dll

VM Arguments:
jvm_args: -Denv=development -Dfull.stacktrace=false -Dgrails.env=development -Dgrails.full.stacktrace=false -Dinfo.app.grailsVersion=4.0.12 -Dinfo.app.name=tvgserver -Dinfo.app.version=0.1 -Dmanagement.endpoints.shutdown.enabled=true -Drun.active=true -Dspring.output.ansi.enabled=always -Dspring.profiles.active -Dverbose=false -XX:+TieredCompilation -XX:TieredStopAtLevel=1 -XX:CICompilerCount=3 -Xverify:none -XX:TieredStopAtLevel=1 -Xms768m -Xmx1024m -Dfile.encoding=UTF-8 -Duser.country=CN -Duser.language=zh -Duser.variant 
java_command: tvgserver.Application
java_class_path (initial): D:\grailsProjects\tvgserver\src\main\resources;D:\grailsProjects\tvgserver\grails-app\views;D:\grailsProjects\tvgserver\grails-app\i18n;D:\grailsProjects\tvgserver\grails-app\conf;D:\grailsProjects\tvgserver\build\classes\java\main;D:\grailsProjects\tvgserver\build\classes\groovy\main;D:\grailsProjects\tvgserver\gsp-classes;C:\Users\taide\.gradle\caches\modules-2\files-2.1\org.springframework.boot\spring-boot-starter-actuator\2.1.18.RELEASE\be2ffcfcad55546c052862a5d8361c25aa9479cd\spring-boot-starter-actuator-2.1.18.RELEASE.jar;C:\Users\taide\.gradle\caches\modules-2\files-2.1\org.springframework.boot\spring-boot-starter\2.1.18.RELEASE\592bb34f0e2dfb923cfa1d78ef585e7323f31c23\spring-boot-starter-2.1.18.RELEASE.jar;C:\Users\taide\.gradle\caches\modules-2\files-2.1\org.springframework.boot\spring-boot-starter-logging\2.1.18.RELEASE\ec85c17cb9977f8f649569bc5b0fe9d6a0080788\spring-boot-starter-logging-2.1.18.RELEASE.jar;C:\Users\taide\.gradle\caches\modules-2\files-2.1\org.springframework.boot\spring-boot-devtools\2.1.18.RELEASE\6a7bad183a32d6ed838b22b3aa11e86990d697dc\spring-boot-devtools-2.1.18.RELEASE.jar;C:\Users\taide\.gradle\caches\modules-2\files-2.1\org.springframework.boot\spring-boot-actuator-autoconfigure\2.1.18.RELEASE\c162c760123a13ac6238b53cd29b62e21f5e5d\spring-boot-actuator-autoconfigure-2.1.18.RELEASE.jar;C:\Users\taide\.gradle\caches\modules-2\files-2.1\org.grails.plugins\views-json\2.0.4\e14533fc8c7004ee400c336d3b2249c927913f6d\views-json-2.0.4.jar;C:\Users\taide\.gradle\caches\modules-2\files-2.1\org.grails\views-core\2.0.4\e015bb6d33476508bc6e2bb523295e0fe61664e5\views-core-2.0.4.jar;C:\Users\taide\.gradle\caches\modules-2\files-2.1\org.grails\grails-plugin-rest\4.0.12\4e493edc078cf21f6191a42fbc95c4888acc053b\grails-plugin-rest-4.0.12.jar;C:\Users\taide\.gradle\caches\modules-2\files-2.1\org.grails\grails-plugin-interceptors\4.0.12\db0668517e3e44bbb1e5406a787280b6128d6ffb\grails-plugin-interceptors-4.0.12.jar;C:\Users\ta
Launcher Type: SUN_STANDARD

Environment Variables:
JAVA_HOME=C:\Program Files\Java\jdk1.8.0_181
PATH=C:\WINDOWS\system32;C:\WINDOWS;C:\WINDOWS\System32\Wbem;C:\WINDOWS\System32\WindowsPowerShell\v1.0\;C:\WINDOWS\System32\OpenSSH\;C:\Program Files (x86)\Common Files\Oracle\Java\javapath;C:\Program Files\Intel\WiFi\bin\;C:\Program Files\Common Files\Intel\WirelessCommon\;D:\Android\SDK\platform-tools\;D:\netcat\;D:\Program Files\PuTTY\;D:\Program Files\Git\cmd;C:\Program Files\TortoiseSVN\bin;C:\WINDOWSsystem32;C:\WINDOWSSystem32Wbem;C:WindowsSysWOW64;"C:\Program Files\Java\jdk1.8.0_181\bin;";"C:\Program Files\Java\jdk1.8.0_181\jre\bin;";"D:\Tomcat8\bin;";C:\Users\taide\AppData\Local\Programs\Python\Python36-32\Scripts\;C:\Users\taide\AppData\Local\Programs\Python\Python36-32\;C:\Users\taide\AppData\Local\Microsoft\WindowsApps;
USERNAME=taide
OS=Windows_NT
PROCESSOR_IDENTIFIER=AMD64 Family 23 Model 17 Stepping 0, AuthenticAMD



---------------  S Y S T E M  ---------------

OS: Windows 10.0 , 64 bit Build 19041 (10.0.19041.1202)

CPU:total 8 (initial active 8) (8 cores per cpu, 1 threads per core) family 23 model 17 stepping 0, cmov, cx8, fxsr, mmx, sse, sse2, sse3, ssse3, sse4.1, sse4.2, popcnt, avx, avx2, aes, clmul, mmxext, 3dnowpref, lzcnt, sse4a, tsc, tscinvbit, tscinv, bmi1

Memory: 4k page, physical 7239248k(387480k free), swap 17725004k(31664k free)

vm_info: Java HotSpot(TM) 64-Bit Server VM (25.181-b13) for windows-amd64 JRE (1.8.0_181-b13), built on Jul  7 2018 04:01:33 by "java_re" with MS VC++ 10.0 (VS2010)

time: Tue Nov 02 16:14:07 2021
elapsed time: 0 seconds (0d 0h 0m 0s)

