#
# There is insufficient memory for the Java Runtime Environment to continue.
# Native memory allocation (malloc) failed to allocate 32744 bytes for ChunkPool::allocate
# Possible reasons:
#   The system is out of physical RAM or swap space
#   In 32 bit mode, the process size limit was hit
# Possible solutions:
#   Reduce memory load on the system
#   Increase physical memory or swap space
#   Check if swap backing store is full
#   Use 64 bit Java on a 64 bit OS
#   Decrease Java heap size (-Xmx/-Xms)
#   Decrease number of Java threads
#   Decrease Java thread stack sizes (-Xss)
#   Set larger code cache with -XX:ReservedCodeCacheSize=
# This output file may be truncated or incomplete.
#
#  Out of Memory Error (allocation.cpp:273), pid=14552, tid=0x0000000000003b58
#
# JRE version: Java(TM) SE Runtime Environment (8.0_181-b13) (build 1.8.0_181-b13)
# Java VM: Java HotSpot(TM) 64-Bit Server VM (25.181-b13 mixed mode windows-amd64 compressed oops)
# Failed to write core dump. Minidumps are not enabled by default on client versions of Windows
#

---------------  T H R E A D  ---------------

Current thread (0x000000001e3cc800):  JavaThread "http-nio-8080-exec-3" daemon [_thread_in_vm, id=15192, stack(0x0000000020e20000,0x0000000020f20000)]

Stack: [0x0000000020e20000,0x0000000020f20000]
[error occurred during error reporting (printing stack bounds), id 0xc0000005]

Native frames: (J=compiled Java code, j=interpreted, Vv=VM code, C=native code)

Java frames: (J=compiled Java code, j=interpreted, Vv=VM code)
J 819  java.lang.ClassLoader.defineClass1(Ljava/lang/String;[BIILjava/security/ProtectionDomain;Ljava/lang/String;)Ljava/lang/Class; (0 bytes) @ 0x000000000319875f [0x00000000031986c0+0x9f]
J 748 C1 java.lang.ClassLoader.defineClass(Ljava/lang/String;[BIILjava/security/ProtectionDomain;)Ljava/lang/Class; (43 bytes) @ 0x00000000030793dc [0x00000000030792e0+0xfc]
J 519 C1 java.net.URLClassLoader.defineClass(Ljava/lang/String;Lsun/misc/Resource;)Ljava/lang/Class; (142 bytes) @ 0x0000000003015d4c [0x0000000003015380+0x9cc]
J 463 C1 java.net.URLClassLoader$1.run()Ljava/lang/Class; (63 bytes) @ 0x0000000002fff474 [0x0000000002fff3c0+0xb4]
J 462 C1 java.net.URLClassLoader$1.run()Ljava/lang/Object; (5 bytes) @ 0x0000000002fff094 [0x0000000002fff060+0x34]
v  ~StubRoutines::call_stub
J 151  java.security.AccessController.doPrivileged(Ljava/security/PrivilegedExceptionAction;Ljava/security/AccessControlContext;)Ljava/lang/Object; (0 bytes) @ 0x0000000002f86de6 [0x0000000002f86d80+0x66]
J 335 C1 java.net.URLClassLoader.findClass(Ljava/lang/String;)Ljava/lang/Class; (47 bytes) @ 0x0000000002fd9bf4 [0x0000000002fd9b40+0xb4]
J 4157 C1 java.lang.ClassLoader.loadClass(Ljava/lang/String;Z)Ljava/lang/Class; (122 bytes) @ 0x0000000003784964 [0x0000000003784660+0x304]
J 484 C1 sun.misc.Launcher$AppClassLoader.loadClass(Ljava/lang/String;Z)Ljava/lang/Class; (85 bytes) @ 0x0000000003007c44 [0x0000000003007960+0x2e4]
J 341 C1 java.lang.ClassLoader.loadClass(Ljava/lang/String;)Ljava/lang/Class; (7 bytes) @ 0x0000000002fdb6e4 [0x0000000002fdb6a0+0x44]
v  ~StubRoutines::call_stub
j  org.grails.web.errors.GrailsExceptionResolver.getRootCause(Ljava/lang/Throwable;)Ljava/lang/Throwable;+1
j  org.grails.web.errors.GrailsExceptionResolver.getRequestLogMessage(Ljava/lang/Throwable;Ljavax/servlet/http/HttpServletRequest;)Ljava/lang/String;+1
j  org.grails.web.errors.GrailsExceptionResolver.logStackTrace(Ljava/lang/Exception;Ljavax/servlet/http/HttpServletRequest;)V+6
j  org.grails.web.errors.GrailsExceptionResolver.resolveException(Ljavax/servlet/http/HttpServletRequest;Ljavax/servlet/http/HttpServletResponse;Ljava/lang/Object;Ljava/lang/Exception;)Lorg/springframework/web/servlet/ModelAndView;+47
j  org.springframework.web.servlet.DispatcherServlet.processHandlerException(Ljavax/servlet/http/HttpServletRequest;Ljavax/servlet/http/HttpServletResponse;Ljava/lang/Object;Ljava/lang/Exception;)Lorg/springframework/web/servlet/ModelAndView;+59
j  org.springframework.web.servlet.DispatcherServlet.processDispatchResult(Ljavax/servlet/http/HttpServletRequest;Ljavax/servlet/http/HttpServletResponse;Lorg/springframework/web/servlet/HandlerExecutionChain;Lorg/springframework/web/servlet/ModelAndView;Ljava/lang/Exception;)V+63
j  org.springframework.web.servlet.DispatcherServlet.doDispatch(Ljavax/servlet/http/HttpServletRequest;Ljavax/servlet/http/HttpServletResponse;)V+358
j  org.springframework.web.servlet.DispatcherServlet.doService(Ljavax/servlet/http/HttpServletRequest;Ljavax/servlet/http/HttpServletResponse;)V+212
j  org.springframework.web.servlet.FrameworkServlet.processRequest(Ljavax/servlet/http/HttpServletRequest;Ljavax/servlet/http/HttpServletResponse;)V+71
j  org.springframework.web.servlet.FrameworkServlet.doGet(Ljavax/servlet/http/HttpServletRequest;Ljavax/servlet/http/HttpServletResponse;)V+3
j  javax.servlet.http.HttpServlet.service(Ljavax/servlet/http/HttpServletRequest;Ljavax/servlet/http/HttpServletResponse;)V+35
j  org.springframework.web.servlet.FrameworkServlet.service(Ljavax/servlet/http/HttpServletRequest;Ljavax/servlet/http/HttpServletResponse;)V+33
j  javax.servlet.http.HttpServlet.service(Ljavax/servlet/ServletRequest;Ljavax/servlet/ServletResponse;)V+36
j  org.apache.catalina.core.ApplicationFilterChain.internalDoFilter(Ljavax/servlet/ServletRequest;Ljavax/servlet/ServletResponse;)V+304
j  org.apache.catalina.core.ApplicationFilterChain.doFilter(Ljavax/servlet/ServletRequest;Ljavax/servlet/ServletResponse;)V+101
j  org.apache.tomcat.websocket.server.WsFilter.doFilter(Ljavax/servlet/ServletRequest;Ljavax/servlet/ServletResponse;Ljavax/servlet/FilterChain;)V+21
j  org.apache.catalina.core.ApplicationFilterChain.internalDoFilter(Ljavax/servlet/ServletRequest;Ljavax/servlet/ServletResponse;)V+135
j  org.apache.catalina.core.ApplicationFilterChain.doFilter(Ljavax/servlet/ServletRequest;Ljavax/servlet/ServletResponse;)V+101
j  org.springframework.boot.actuate.web.trace.servlet.HttpTraceFilter.doFilterInternal(Ljavax/servlet/http/HttpServletRequest;Ljavax/servlet/http/HttpServletResponse;Ljavax/servlet/FilterChain;)V+49
j  org.springframework.web.filter.OncePerRequestFilter.doFilter(Ljavax/servlet/ServletRequest;Ljavax/servlet/ServletResponse;Ljavax/servlet/FilterChain;)V+147
j  org.apache.catalina.core.ApplicationFilterChain.internalDoFilter(Ljavax/servlet/ServletRequest;Ljavax/servlet/ServletResponse;)V+135
j  org.apache.catalina.core.ApplicationFilterChain.doFilter(Ljavax/servlet/ServletRequest;Ljavax/servlet/ServletResponse;)V+101
j  org.grails.web.servlet.mvc.GrailsWebRequestFilter.doFilterInternal(Ljavax/servlet/http/HttpServletRequest;Ljavax/servlet/http/HttpServletResponse;Ljavax/servlet/FilterChain;)V+133
j  org.springframework.web.filter.OncePerRequestFilter.doFilter(Ljavax/servlet/ServletRequest;Ljavax/servlet/ServletResponse;Ljavax/servlet/FilterChain;)V+147
j  org.apache.catalina.core.ApplicationFilterChain.internalDoFilter(Ljavax/servlet/ServletRequest;Ljavax/servlet/ServletResponse;)V+135
j  org.apache.catalina.core.ApplicationFilterChain.doFilter(Ljavax/servlet/ServletRequest;Ljavax/servlet/ServletResponse;)V+101
j  org.grails.web.filters.HiddenHttpMethodFilter.doFilterInternal(Ljavax/servlet/http/HttpServletRequest;Ljavax/servlet/http/HttpServletResponse;Ljavax/servlet/FilterChain;)V+50
j  org.springframework.web.filter.OncePerRequestFilter.doFilter(Ljavax/servlet/ServletRequest;Ljavax/servlet/ServletResponse;Ljavax/servlet/FilterChain;)V+147
j  org.apache.catalina.core.ApplicationFilterChain.internalDoFilter(Ljavax/servlet/ServletRequest;Ljavax/servlet/ServletResponse;)V+135
j  org.apache.catalina.core.ApplicationFilterChain.doFilter(Ljavax/servlet/ServletRequest;Ljavax/servlet/ServletResponse;)V+101
j  org.springframework.web.filter.CharacterEncodingFilter.doFilterInternal(Ljavax/servlet/http/HttpServletRequest;Ljavax/servlet/http/HttpServletResponse;Ljavax/servlet/FilterChain;)V+53
j  org.springframework.web.filter.OncePerRequestFilter.doFilter(Ljavax/servlet/ServletRequest;Ljavax/servlet/ServletResponse;Ljavax/servlet/FilterChain;)V+147
j  org.apache.catalina.core.ApplicationFilterChain.internalDoFilter(Ljavax/servlet/ServletRequest;Ljavax/servlet/ServletResponse;)V+135
j  org.apache.catalina.core.ApplicationFilterChain.doFilter(Ljavax/servlet/ServletRequest;Ljavax/servlet/ServletResponse;)V+101
j  org.springframework.boot.actuate.metrics.web.servlet.WebMvcMetricsFilter.filterAndRecordMetrics(Ljavax/servlet/http/HttpServletRequest;Ljavax/servlet/http/HttpServletResponse;Ljavax/servlet/FilterChain;)V+21
j  org.springframework.boot.actuate.metrics.web.servlet.WebMvcMetricsFilter.doFilterInternal(Ljavax/servlet/http/HttpServletRequest;Ljavax/servlet/http/HttpServletResponse;Ljavax/servlet/FilterChain;)V+4
j  org.springframework.web.filter.OncePerRequestFilter.doFilter(Ljavax/servlet/ServletRequest;Ljavax/servlet/ServletResponse;Ljavax/servlet/FilterChain;)V+147
j  org.apache.catalina.core.ApplicationFilterChain.internalDoFilter(Ljavax/servlet/ServletRequest;Ljavax/servlet/ServletResponse;)V+135
j  org.apache.catalina.core.ApplicationFilterChain.doFilter(Ljavax/servlet/ServletRequest;Ljavax/servlet/ServletResponse;)V+101
j  org.springframework.web.filter.CorsFilter.doFilterInternal(Ljavax/servlet/http/HttpServletRequest;Ljavax/servlet/http/HttpServletResponse;Ljavax/servlet/FilterChain;)V+55
j  org.springframework.web.filter.OncePerRequestFilter.doFilter(Ljavax/servlet/ServletRequest;Ljavax/servlet/ServletResponse;Ljavax/servlet/FilterChain;)V+147
j  org.apache.catalina.core.ApplicationFilterChain.internalDoFilter(Ljavax/servlet/ServletRequest;Ljavax/servlet/ServletResponse;)V+135
j  org.apache.catalina.core.ApplicationFilterChain.doFilter(Ljavax/servlet/ServletRequest;Ljavax/servlet/ServletResponse;)V+101
j  org.apache.catalina.core.StandardWrapperValve.invoke(Lorg/apache/catalina/connector/Request;Lorg/apache/catalina/connector/Response;)V+694
j  org.apache.catalina.core.StandardContextValve.invoke(Lorg/apache/catalina/connector/Request;Lorg/apache/catalina/connector/Response;)V+169
j  org.apache.catalina.authenticator.AuthenticatorBase.invoke(Lorg/apache/catalina/connector/Request;Lorg/apache/catalina/connector/Response;)V+260
j  org.apache.catalina.core.StandardHostValve.invoke(Lorg/apache/catalina/connector/Request;Lorg/apache/catalina/connector/Response;)V+128
j  org.apache.catalina.valves.ErrorReportValve.invoke(Lorg/apache/catalina/connector/Request;Lorg/apache/catalina/connector/Response;)V+6
j  org.apache.catalina.core.StandardEngineValve.invoke(Lorg/apache/catalina/connector/Request;Lorg/apache/catalina/connector/Response;)V+59
j  org.apache.catalina.connector.CoyoteAdapter.service(Lorg/apache/coyote/Request;Lorg/apache/coyote/Response;)V+199
j  org.apache.coyote.http11.Http11Processor.service(Lorg/apache/tomcat/util/net/SocketWrapperBase;)Lorg/apache/tomcat/util/net/AbstractEndpoint$Handler$SocketState;+735
j  org.apache.coyote.AbstractProcessorLight.process(Lorg/apache/tomcat/util/net/SocketWrapperBase;Lorg/apache/tomcat/util/net/SocketEvent;)Lorg/apache/tomcat/util/net/AbstractEndpoint$Handler$SocketState;+170
j  org.apache.coyote.AbstractProtocol$ConnectionHandler.process(Lorg/apache/tomcat/util/net/SocketWrapperBase;Lorg/apache/tomcat/util/net/SocketEvent;)Lorg/apache/tomcat/util/net/AbstractEndpoint$Handler$SocketState;+505
j  org.apache.tomcat.util.net.NioEndpoint$SocketProcessor.doRun()V+214
j  org.apache.tomcat.util.net.SocketProcessorBase.run()V+21
j  java.util.concurrent.ThreadPoolExecutor.runWorker(Ljava/util/concurrent/ThreadPoolExecutor$Worker;)V+95
j  java.util.concurrent.ThreadPoolExecutor$Worker.run()V+5
j  org.apache.tomcat.util.threads.TaskThread$WrappingRunnable.run()V+4
j  java.lang.Thread.run()V+11
v  ~StubRoutines::call_stub

---------------  P R O C E S S  ---------------

Java Threads: ( => current thread )
  0x000000001e79d800 JavaThread "DestroyJavaVM" [_thread_blocked, id=18052, stack(0x0000000002c00000,0x0000000002d00000)]
  0x000000001e79e000 JavaThread "Thread-13" daemon [_thread_blocked, id=16292, stack(0x0000000021a20000,0x0000000021b20000)]
  0x000000001e7a2000 JavaThread "Thread-15" [_thread_blocked, id=17876, stack(0x0000000021920000,0x0000000021a20000)]
  0x000000001e7a1000 JavaThread "Thread-14" daemon [_thread_in_native, id=16496, stack(0x0000000021820000,0x0000000021920000)]
  0x000000001e7a4000 JavaThread "http-nio-8080-Acceptor" daemon [_thread_in_native, id=18424, stack(0x0000000021720000,0x0000000021820000)]
  0x000000001e79f000 JavaThread "http-nio-8080-ClientPoller" daemon [_thread_in_native, id=17152, stack(0x0000000021620000,0x0000000021720000)]
  0x000000001e3d8800 JavaThread "http-nio-8080-exec-10" daemon [_thread_blocked, id=11232, stack(0x0000000021520000,0x0000000021620000)]
  0x000000001e3d7000 JavaThread "http-nio-8080-exec-9" daemon [_thread_blocked, id=17184, stack(0x0000000021420000,0x0000000021520000)]
  0x000000001e3d6000 JavaThread "http-nio-8080-exec-8" daemon [_thread_blocked, id=1456, stack(0x0000000021320000,0x0000000021420000)]
  0x000000001e3d4800 JavaThread "http-nio-8080-exec-7" daemon [_thread_blocked, id=3756, stack(0x0000000021220000,0x0000000021320000)]
  0x000000001e3d7800 JavaThread "http-nio-8080-exec-6" daemon [_thread_blocked, id=1996, stack(0x0000000021120000,0x0000000021220000)]
  0x000000001e3d5800 JavaThread "http-nio-8080-exec-5" daemon [_thread_blocked, id=15816, stack(0x0000000021020000,0x0000000021120000)]
  0x000000001e3d4000 JavaThread "http-nio-8080-exec-4" daemon [_thread_in_native, id=15820, stack(0x0000000020f20000,0x0000000021020000)]
=>0x000000001e3cc800 JavaThread "http-nio-8080-exec-3" daemon [_thread_in_vm, id=15192, stack(0x0000000020e20000,0x0000000020f20000)]
  0x000000001e3d3000 JavaThread "http-nio-8080-exec-2" daemon [_thread_blocked, id=16780, stack(0x0000000020d20000,0x0000000020e20000)]
  0x000000001e3cb800 JavaThread "http-nio-8080-exec-1" daemon [_thread_blocked, id=3988, stack(0x0000000020c20000,0x0000000020d20000)]
  0x000000001e3d2800 JavaThread "http-nio-8080-BlockPoller" daemon [_thread_in_native, id=17624, stack(0x0000000020b20000,0x0000000020c20000)]
  0x000000001e3cb000 JavaThread "ForkJoinPool.commonPool-worker-2" daemon [_thread_blocked, id=7864, stack(0x0000000020620000,0x0000000020720000)]
  0x000000001e3d1800 JavaThread "File Watcher" daemon [_thread_blocked, id=11720, stack(0x0000000020520000,0x0000000020620000)]
  0x000000001e3ca000 JavaThread "quartzScheduler_QuartzSchedulerThread" [_thread_blocked, id=5952, stack(0x0000000020420000,0x0000000020520000)]
  0x000000001e3d0000 JavaThread "quartzScheduler_Worker-10" [_thread_blocked, id=15968, stack(0x0000000020320000,0x0000000020420000)]
  0x000000001e3cd000 JavaThread "quartzScheduler_Worker-9" [_thread_blocked, id=14456, stack(0x0000000020220000,0x0000000020320000)]
  0x000000001e3cf800 JavaThread "quartzScheduler_Worker-8" [_thread_blocked, id=88, stack(0x0000000020120000,0x0000000020220000)]
  0x000000001e3d1000 JavaThread "quartzScheduler_Worker-7" [_thread_blocked, id=17200, stack(0x0000000020020000,0x0000000020120000)]
  0x000000001e3c9800 JavaThread "quartzScheduler_Worker-6" [_thread_blocked, id=1676, stack(0x000000001ff20000,0x0000000020020000)]
  0x000000001e3ce800 JavaThread "quartzScheduler_Worker-5" [_thread_blocked, id=1872, stack(0x000000001fe20000,0x000000001ff20000)]
  0x000000001e3ce000 JavaThread "quartzScheduler_Worker-4" [_thread_blocked, id=17100, stack(0x000000001fd20000,0x000000001fe20000)]
  0x000000001e370000 JavaThread "quartzScheduler_Worker-3" [_thread_blocked, id=17032, stack(0x000000001fb20000,0x000000001fc20000)]
  0x000000001e36f800 JavaThread "quartzScheduler_Worker-2" [_thread_blocked, id=13732, stack(0x000000001fa20000,0x000000001fb20000)]
  0x000000001e371000 JavaThread "quartzScheduler_Worker-1" [_thread_blocked, id=18388, stack(0x000000001f620000,0x000000001f720000)]
  0x000000001e371800 JavaThread "Live Reload Server" daemon [_thread_in_native, id=12788, stack(0x000000001f720000,0x000000001f820000)]
  0x000000001e381000 JavaThread "container-0" [_thread_blocked, id=4244, stack(0x000000001f520000,0x000000001f620000)]
  0x000000001e378000 JavaThread "Catalina-utility-2" [_thread_blocked, id=8588, stack(0x000000001f420000,0x000000001f520000)]
  0x000000001e377800 JavaThread "Catalina-utility-1" [_thread_blocked, id=6768, stack(0x000000001a760000,0x000000001a860000)]
  0x000000001bb09800 JavaThread "mysql-cj-abandoned-connection-cleanup" daemon [_thread_blocked, id=17272, stack(0x000000001d130000,0x000000001d230000)]
  0x000000001bacb800 JavaThread "Tomcat JDBC Pool Cleaner[1943105171:1635840933198]" daemon [_thread_blocked, id=18072, stack(0x000000001d030000,0x000000001d130000)]
  0x0000000017998800 JavaThread "Service Thread" daemon [_thread_blocked, id=8668, stack(0x00000000182e0000,0x00000000183e0000)]
  0x0000000017910000 JavaThread "C1 CompilerThread2" daemon [_thread_in_native, id=10424, stack(0x00000000181e0000,0x00000000182e0000)]
  0x000000001790f800 JavaThread "C2 CompilerThread1" daemon [_thread_blocked, id=17448, stack(0x00000000180e0000,0x00000000181e0000)]
  0x000000001790d800 JavaThread "C2 CompilerThread0" daemon [_thread_blocked, id=9020, stack(0x0000000017fe0000,0x00000000180e0000)]
  0x000000001790b800 JavaThread "Attach Listener" daemon [_thread_blocked, id=8936, stack(0x0000000017ee0000,0x0000000017fe0000)]
  0x00000000178b9000 JavaThread "Signal Dispatcher" daemon [_thread_blocked, id=9052, stack(0x0000000017de0000,0x0000000017ee0000)]
  0x000000001598c800 JavaThread "Finalizer" daemon [_thread_blocked, id=18264, stack(0x0000000017c70000,0x0000000017d70000)]
  0x0000000015984000 JavaThread "Reference Handler" daemon [_thread_blocked, id=2340, stack(0x0000000017770000,0x0000000017870000)]

Other Threads:
  0x000000001597d800 VMThread [stack: 0x0000000017670000,0x0000000017770000] [id=14768]
  0x00000000179ae800 WatcherThread [stack: 0x00000000183e0000,0x00000000184e0000] [id=8440]

VM state:not at safepoint (normal execution)

VM Mutex/Monitor currently owned by a thread:  ([mutex/lock_event])
[0x0000000002d0c810] SystemDictionary_lock - owner thread: 0x0000000000000000

Heap:
 PSYoungGen      total 307200K, used 297761K [0x00000000eab00000, 0x0000000100000000, 0x0000000100000000)
  eden space 269824K, 99% used [0x00000000eab00000,0x00000000fb0d9dc8,0x00000000fb280000)
  from space 37376K, 79% used [0x00000000fb280000,0x00000000fcf6e820,0x00000000fd700000)
  to   space 39424K, 0% used [0x00000000fd980000,0x00000000fd980000,0x0000000100000000)
 ParOldGen       total 524288K, used 62530K [0x00000000c0000000, 0x00000000e0000000, 0x00000000eab00000)
  object space 524288K, 11% used [0x00000000c0000000,0x00000000c3d10bd0,0x00000000e0000000)
 Metaspace       used 74697K, capacity 78388K, committed 78488K, reserved 1116160K
  class space    used 10484K, capacity 11392K, committed 11432K, reserved 1048576K

Card table byte_map: [0x0000000012200000,0x0000000012410000] byte_map_base: 0x0000000011c00000

Marking Bits: (ParMarkBitMap*) 0x000000006a012d00
 Begin Bits: [0x0000000012d70000, 0x0000000013d70000)
 End Bits:   [0x0000000013d70000, 0x0000000014d70000)

Polling page: 0x0000000002e10000

CodeCache: size=245760Kb used=15004Kb max_used=15004Kb free=230755Kb
 bounds [0x0000000002e40000, 0x0000000003cf0000, 0x0000000011e40000]
 total_blobs=8007 nmethods=7167 adapters=750
 compilation: enabled

Compilation events (10 events):
Event: 34.045 Thread 0x0000000017910000 nmethod 7318 0x0000000003cca290 code [0x0000000003cca520, 0x0000000003ccaf28]
Event: 34.045 Thread 0x0000000017910000 7320       1       java.io.BufferedReader::readLine (6 bytes)
Event: 34.045 Thread 0x0000000017910000 nmethod 7320 0x0000000003ccba50 code [0x0000000003ccbba0, 0x0000000003ccbcc8]
Event: 34.045 Thread 0x0000000017910000 7319       1       org.apache.catalina.webresources.Cache::noCache (49 bytes)
Event: 34.046 Thread 0x0000000017910000 nmethod 7319 0x0000000003ccbd50 code [0x0000000003ccbf00, 0x0000000003ccc188]
Event: 34.047 Thread 0x0000000017910000 7321       1       org.apache.coyote.Response::isCommitted (5 bytes)
Event: 34.047 Thread 0x0000000017910000 nmethod 7321 0x0000000003ccc410 code [0x0000000003ccc560, 0x0000000003ccc670]
Event: 34.051 Thread 0x0000000017910000 7322       1       org.codehaus.groovy.antlr.parser.GroovyRecognizer::primaryExpression (922 bytes)
Event: 34.054 Thread 0x0000000017910000 nmethod 7322 0x0000000003ccc6d0 code [0x0000000003cccb20, 0x0000000003ccdee8]
Event: 34.054 Thread 0x0000000017910000 7324       1       org.codehaus.groovy.antlr.parser.GroovyRecognizer::multiplicativeExpression (1878 bytes)

GC Heap History (10 events):
Event: 17.376 GC heap before
{Heap before GC invocations=10 (full 2):
 PSYoungGen      total 302080K, used 176239K [0x00000000eab00000, 0x0000000100000000, 0x0000000100000000)
  eden space 278016K, 54% used [0x00000000eab00000,0x00000000f3f9dc10,0x00000000fba80000)
  from space 24064K, 99% used [0x00000000fba80000,0x00000000fd1fe170,0x00000000fd200000)
  to   space 34816K, 0% used [0x00000000fde00000,0x00000000fde00000,0x0000000100000000)
 ParOldGen       total 524288K, used 42475K [0x00000000c0000000, 0x00000000e0000000, 0x00000000eab00000)
  object space 524288K, 8% used [0x00000000c0000000,0x00000000c297ad50,0x00000000e0000000)
 Metaspace       used 56927K, capacity 58876K, committed 59160K, reserved 1099776K
  class space    used 7796K, capacity 8218K, committed 8232K, reserved 1048576K
Event: 17.402 GC heap after
Heap after GC invocations=10 (full 2):
 PSYoungGen      total 304128K, used 34451K [0x00000000eab00000, 0x0000000100000000, 0x0000000100000000)
  eden space 269312K, 0% used [0x00000000eab00000,0x00000000eab00000,0x00000000fb200000)
  from space 34816K, 98% used [0x00000000fde00000,0x00000000fffa4f48,0x0000000100000000)
  to   space 39936K, 0% used [0x00000000fb200000,0x00000000fb200000,0x00000000fd900000)
 ParOldGen       total 524288K, used 42483K [0x00000000c0000000, 0x00000000e0000000, 0x00000000eab00000)
  object space 524288K, 8% used [0x00000000c0000000,0x00000000c297cd50,0x00000000e0000000)
 Metaspace       used 56927K, capacity 58876K, committed 59160K, reserved 1099776K
  class space    used 7796K, capacity 8218K, committed 8232K, reserved 1048576K
}
Event: 17.403 GC heap before
{Heap before GC invocations=11 (full 3):
 PSYoungGen      total 304128K, used 34451K [0x00000000eab00000, 0x0000000100000000, 0x0000000100000000)
  eden space 269312K, 0% used [0x00000000eab00000,0x00000000eab00000,0x00000000fb200000)
  from space 34816K, 98% used [0x00000000fde00000,0x00000000fffa4f48,0x0000000100000000)
  to   space 39936K, 0% used [0x00000000fb200000,0x00000000fb200000,0x00000000fd900000)
 ParOldGen       total 524288K, used 42483K [0x00000000c0000000, 0x00000000e0000000, 0x00000000eab00000)
  object space 524288K, 8% used [0x00000000c0000000,0x00000000c297cd50,0x00000000e0000000)
 Metaspace       used 56927K, capacity 58876K, committed 59160K, reserved 1099776K
  class space    used 7796K, capacity 8218K, committed 8232K, reserved 1048576K
Event: 17.693 GC heap after
Heap after GC invocations=11 (full 3):
 PSYoungGen      total 304128K, used 0K [0x00000000eab00000, 0x0000000100000000, 0x0000000100000000)
  eden space 269312K, 0% used [0x00000000eab00000,0x00000000eab00000,0x00000000fb200000)
  from space 34816K, 0% used [0x00000000fde00000,0x00000000fde00000,0x0000000100000000)
  to   space 39936K, 0% used [0x00000000fb200000,0x00000000fb200000,0x00000000fd900000)
 ParOldGen       total 524288K, used 62487K [0x00000000c0000000, 0x00000000e0000000, 0x00000000eab00000)
  object space 524288K, 11% used [0x00000000c0000000,0x00000000c3d05f80,0x00000000e0000000)
 Metaspace       used 56927K, capacity 58876K, committed 59160K, reserved 1099776K
  class space    used 7796K, capacity 8218K, committed 8232K, reserved 1048576K
}
Event: 20.209 GC heap before
{Heap before GC invocations=12 (full 3):
 PSYoungGen      total 304128K, used 269312K [0x00000000eab00000, 0x0000000100000000, 0x0000000100000000)
  eden space 269312K, 100% used [0x00000000eab00000,0x00000000fb200000,0x00000000fb200000)
  from space 34816K, 0% used [0x00000000fde00000,0x00000000fde00000,0x0000000100000000)
  to   space 39936K, 0% used [0x00000000fb200000,0x00000000fb200000,0x00000000fd900000)
 ParOldGen       total 524288K, used 62487K [0x00000000c0000000, 0x00000000e0000000, 0x00000000eab00000)
  object space 524288K, 11% used [0x00000000c0000000,0x00000000c3d05f80,0x00000000e0000000)
 Metaspace       used 64140K, capacity 66550K, committed 66712K, reserved 1105920K
  class space    used 8807K, capacity 9303K, committed 9384K, reserved 1048576K
Event: 20.221 GC heap after
Heap after GC invocations=12 (full 3):
 PSYoungGen      total 309248K, used 12894K [0x00000000eab00000, 0x0000000100000000, 0x0000000100000000)
  eden space 269312K, 0% used [0x00000000eab00000,0x00000000eab00000,0x00000000fb200000)
  from space 39936K, 32% used [0x00000000fb200000,0x00000000fbe979e0,0x00000000fd900000)
  to   space 39424K, 0% used [0x00000000fd980000,0x00000000fd980000,0x0000000100000000)
 ParOldGen       total 524288K, used 62495K [0x00000000c0000000, 0x00000000e0000000, 0x00000000eab00000)
  object space 524288K, 11% used [0x00000000c0000000,0x00000000c3d07f80,0x00000000e0000000)
 Metaspace       used 64140K, capacity 66550K, committed 66712K, reserved 1105920K
  class space    used 8807K, capacity 9303K, committed 9384K, reserved 1048576K
}
Event: 22.467 GC heap before
{Heap before GC invocations=13 (full 3):
 PSYoungGen      total 309248K, used 282206K [0x00000000eab00000, 0x0000000100000000, 0x0000000100000000)
  eden space 269312K, 100% used [0x00000000eab00000,0x00000000fb200000,0x00000000fb200000)
  from space 39936K, 32% used [0x00000000fb200000,0x00000000fbe979e0,0x00000000fd900000)
  to   space 39424K, 0% used [0x00000000fd980000,0x00000000fd980000,0x0000000100000000)
 ParOldGen       total 524288K, used 62495K [0x00000000c0000000, 0x00000000e0000000, 0x00000000eab00000)
  object space 524288K, 11% used [0x00000000c0000000,0x00000000c3d07f80,0x00000000e0000000)
 Metaspace       used 68409K, capacity 71322K, committed 71576K, reserved 1110016K
  class space    used 9455K, capacity 10053K, committed 10152K, reserved 1048576K
Event: 22.482 GC heap after
Heap after GC invocations=13 (full 3):
 PSYoungGen      total 304640K, used 20023K [0x00000000eab00000, 0x00000000ffb80000, 0x0000000100000000)
  eden space 269824K, 0% used [0x00000000eab00000,0x00000000eab00000,0x00000000fb280000)
  from space 34816K, 57% used [0x00000000fd980000,0x00000000fed0de38,0x00000000ffb80000)
  to   space 37376K, 0% used [0x00000000fb280000,0x00000000fb280000,0x00000000fd700000)
 ParOldGen       total 524288K, used 62503K [0x00000000c0000000, 0x00000000e0000000, 0x00000000eab00000)
  object space 524288K, 11% used [0x00000000c0000000,0x00000000c3d09f80,0x00000000e0000000)
 Metaspace       used 68409K, capacity 71322K, committed 71576K, reserved 1110016K
  class space    used 9455K, capacity 10053K, committed 10152K, reserved 1048576K
}
Event: 24.207 GC heap before
{Heap before GC invocations=14 (full 3):
 PSYoungGen      total 304640K, used 289847K [0x00000000eab00000, 0x00000000ffb80000, 0x0000000100000000)
  eden space 269824K, 100% used [0x00000000eab00000,0x00000000fb280000,0x00000000fb280000)
  from space 34816K, 57% used [0x00000000fd980000,0x00000000fed0de38,0x00000000ffb80000)
  to   space 37376K, 0% used [0x00000000fb280000,0x00000000fb280000,0x00000000fd700000)
 ParOldGen       total 524288K, used 62503K [0x00000000c0000000, 0x00000000e0000000, 0x00000000eab00000)
  object space 524288K, 11% used [0x00000000c0000000,0x00000000c3d09f80,0x00000000e0000000)
 Metaspace       used 71611K, capacity 74758K, committed 74904K, reserved 1114112K
  class space    used 9956K, capacity 10654K, committed 10664K, reserved 1048576K
Event: 24.229 GC heap after
Heap after GC invocations=14 (full 3):
 PSYoungGen      total 307200K, used 29626K [0x00000000eab00000, 0x0000000100000000, 0x0000000100000000)
  eden space 269824K, 0% used [0x00000000eab00000,0x00000000eab00000,0x00000000fb280000)
  from space 37376K, 79% used [0x00000000fb280000,0x00000000fcf6e820,0x00000000fd700000)
  to   space 39424K, 0% used [0x00000000fd980000,0x00000000fd980000,0x0000000100000000)
 ParOldGen       total 524288K, used 62530K [0x00000000c0000000, 0x00000000e0000000, 0x00000000eab00000)
  object space 524288K, 11% used [0x00000000c0000000,0x00000000c3d10bd0,0x00000000e0000000)
 Metaspace       used 71611K, capacity 74758K, committed 74904K, reserved 1114112K
  class space    used 9956K, capacity 10654K, committed 10664K, reserved 1048576K
}

Deoptimization events (0 events):
No events

Classes redefined (0 events):
No events

Internal exceptions (10 events):
Event: 34.022 Thread 0x000000001e3d4000 Exception <a 'java/lang/ArrayIndexOutOfBoundsException'> (0x00000000fa8ef9b0) thrown at [C:\re\workspace\8-2-build-windows-amd64-cygwin\jdk8u181\11358\hotspot\src\share\vm\runtime\sharedRuntime.cpp, line 605]
Event: 34.022 Thread 0x000000001e3d4000 Exception <a 'java/lang/ArrayIndexOutOfBoundsException'> (0x00000000fa8f22a0) thrown at [C:\re\workspace\8-2-build-windows-amd64-cygwin\jdk8u181\11358\hotspot\src\share\vm\runtime\sharedRuntime.cpp, line 605]
Event: 34.026 Thread 0x000000001e3cc800 Exception <a 'java/io/IOException'> (0x00000000fa4fbde8) thrown at [C:\re\workspace\8-2-build-windows-amd64-cygwin\jdk8u181\11358\hotspot\src\share\vm\prims\jni.cpp, line 709]
Event: 34.027 Thread 0x000000001e3d4000 Exception <a 'java/lang/ClassNotFoundException': javax/servlet/http/HttpServletRequestWrapperCustomizer> (0x00000000fa938e50) thrown at [C:\re\workspace\8-2-build-windows-amd64-cygwin\jdk8u181\11358\hotspot\src\share\vm\classfile\systemDictionary.cpp, lin
Event: 34.027 Thread 0x000000001e3d4000 Exception <a 'java/lang/ArrayIndexOutOfBoundsException'> (0x00000000fa940648) thrown at [C:\re\workspace\8-2-build-windows-amd64-cygwin\jdk8u181\11358\hotspot\src\share\vm\runtime\sharedRuntime.cpp, line 605]
Event: 34.027 Thread 0x000000001e3d4000 Exception <a 'java/lang/ArrayIndexOutOfBoundsException'> (0x00000000fa943060) thrown at [C:\re\workspace\8-2-build-windows-amd64-cygwin\jdk8u181\11358\hotspot\src\share\vm\runtime\sharedRuntime.cpp, line 605]
Event: 34.027 Thread 0x000000001e3d4000 Exception <a 'java/lang/ArrayIndexOutOfBoundsException'> (0x00000000fa94bb10) thrown at [C:\re\workspace\8-2-build-windows-amd64-cygwin\jdk8u181\11358\hotspot\src\share\vm\runtime\sharedRuntime.cpp, line 605]
Event: 34.028 Thread 0x000000001e3d4000 Exception <a 'java/lang/ArrayIndexOutOfBoundsException'> (0x00000000fa94ed78) thrown at [C:\re\workspace\8-2-build-windows-amd64-cygwin\jdk8u181\11358\hotspot\src\share\vm\runtime\sharedRuntime.cpp, line 605]
Event: 34.028 Thread 0x000000001e3d4000 Exception <a 'java/lang/ArrayIndexOutOfBoundsException'> (0x00000000fa951b78) thrown at [C:\re\workspace\8-2-build-windows-amd64-cygwin\jdk8u181\11358\hotspot\src\share\vm\runtime\sharedRuntime.cpp, line 605]
Event: 34.031 Thread 0x000000001e3d4000 Exception <a 'java/lang/ClassNotFoundException': org/apache/catalina/core/ApplicationHttpRequestCustomizer> (0x00000000fa999620) thrown at [C:\re\workspace\8-2-build-windows-amd64-cygwin\jdk8u181\11358\hotspot\src\share\vm\classfile\systemDictionary.cpp, 

Events (10 events):
Event: 34.055 loading class org/grails/buffer/FastStringPrintWriter
Event: 34.055 loading class org/grails/buffer/FastStringPrintWriter done
Event: 34.056 Executing VM operation: RevokeBias
Event: 34.056 Executing VM operation: RevokeBias done
Event: 34.058 loading class org/grails/exceptions/reporting/SourceCodeAware
Event: 34.058 loading class org/grails/exceptions/reporting/SourceCodeAware done
Event: 34.058 loading class java/lang/grails$plugins$metadata$GrailsPlugin
Event: 34.058 loading class java/lang/grails$plugins$metadata$GrailsPlugin done
Event: 34.059 loading class org/grails/exceptions/ExceptionUtils
Event: 34.059 loading class org/grails/exceptions/ExceptionUtils done


Dynamic libraries:
0x00007ff75c940000 - 0x00007ff75c977000 	C:\Program Files\Java\jdk1.8.0_181\bin\java.exe
0x00007ffa61fb0000 - 0x00007ffa621a5000 	C:\WINDOWS\SYSTEM32\ntdll.dll
0x00007ffa61d60000 - 0x00007ffa61e1e000 	C:\WINDOWS\System32\KERNEL32.DLL
0x00007ffa5fc00000 - 0x00007ffa5fec9000 	C:\WINDOWS\System32\KERNELBASE.dll
0x00007ffa60b20000 - 0x00007ffa60bcc000 	C:\WINDOWS\System32\ADVAPI32.dll
0x00007ffa619e0000 - 0x00007ffa61a7e000 	C:\WINDOWS\System32\msvcrt.dll
0x00007ffa608d0000 - 0x00007ffa6096b000 	C:\WINDOWS\System32\sechost.dll
0x00007ffa61e20000 - 0x00007ffa61f4a000 	C:\WINDOWS\System32\RPCRT4.dll
0x00007ffa60060000 - 0x00007ffa60201000 	C:\WINDOWS\System32\USER32.dll
0x00007ffa5f6d0000 - 0x00007ffa5f6f2000 	C:\WINDOWS\System32\win32u.dll
0x00007ffa602f0000 - 0x00007ffa6031b000 	C:\WINDOWS\System32\GDI32.dll
0x00007ffa5f700000 - 0x00007ffa5f80b000 	C:\WINDOWS\System32\gdi32full.dll
0x00007ffa5fb60000 - 0x00007ffa5fbfd000 	C:\WINDOWS\System32\msvcp_win.dll
0x00007ffa5f9d0000 - 0x00007ffa5fad0000 	C:\WINDOWS\System32\ucrtbase.dll
0x00007ffa4fd20000 - 0x00007ffa4ffba000 	C:\WINDOWS\WinSxS\amd64_microsoft.windows.common-controls_6595b64144ccf1df_6.0.19041.1110_none_60b5254171f9507e\COMCTL32.dll
0x00007ffa61ba0000 - 0x00007ffa61bd0000 	C:\WINDOWS\System32\IMM32.DLL
0x000000006b400000 - 0x000000006b4d2000 	C:\Program Files\Java\jdk1.8.0_181\jre\bin\msvcr100.dll
0x00000000697f0000 - 0x000000006a092000 	C:\Program Files\Java\jdk1.8.0_181\jre\bin\server\jvm.dll
0x00007ffa619c0000 - 0x00007ffa619c8000 	C:\WINDOWS\System32\PSAPI.DLL
0x00007ffa5de70000 - 0x00007ffa5de97000 	C:\WINDOWS\SYSTEM32\WINMM.dll
0x00007ffa460c0000 - 0x00007ffa460c9000 	C:\WINDOWS\SYSTEM32\WSOCK32.dll
0x00007ffa61880000 - 0x00007ffa618eb000 	C:\WINDOWS\System32\WS2_32.dll
0x00007ffa5f180000 - 0x00007ffa5f18a000 	C:\WINDOWS\SYSTEM32\VERSION.dll
0x000000006b3f0000 - 0x000000006b3ff000 	C:\Program Files\Java\jdk1.8.0_181\jre\bin\verify.dll
0x000000006b3c0000 - 0x000000006b3e9000 	C:\Program Files\Java\jdk1.8.0_181\jre\bin\java.dll
0x000000006b3a0000 - 0x000000006b3b6000 	C:\Program Files\Java\jdk1.8.0_181\jre\bin\zip.dll
0x00007ffa61140000 - 0x00007ffa6187f000 	C:\WINDOWS\System32\SHELL32.dll
0x00007ffa5c910000 - 0x00007ffa5d0a0000 	C:\WINDOWS\SYSTEM32\windows.storage.dll
0x00007ffa60bd0000 - 0x00007ffa60f25000 	C:\WINDOWS\System32\combase.dll
0x00007ffa5efe0000 - 0x00007ffa5f00c000 	C:\WINDOWS\SYSTEM32\Wldp.dll
0x00007ffa60f30000 - 0x00007ffa60fdd000 	C:\WINDOWS\System32\SHCORE.dll
0x00007ffa60fe0000 - 0x00007ffa61035000 	C:\WINDOWS\System32\shlwapi.dll
0x00007ffa5f610000 - 0x00007ffa5f62f000 	C:\WINDOWS\SYSTEM32\profapi.dll
0x000000006b380000 - 0x000000006b39a000 	C:\Program Files\Java\jdk1.8.0_181\jre\bin\net.dll
0x00007ffa5ed40000 - 0x00007ffa5edaa000 	C:\WINDOWS\system32\mswsock.dll
0x00007ffa5a7b0000 - 0x00007ffa5a7cd000 	C:\WINDOWS\system32\NLAapi.dll
0x00007ffa5ea30000 - 0x00007ffa5ea6b000 	C:\WINDOWS\SYSTEM32\IPHLPAPI.DLL
0x00007ffa42d80000 - 0x00007ffa42d97000 	C:\WINDOWS\system32\napinsp.dll
0x00007ffa42d60000 - 0x00007ffa42d7b000 	C:\WINDOWS\system32\pnrpnsp.dll
0x00007ffa5ea70000 - 0x00007ffa5eb3c000 	C:\WINDOWS\SYSTEM32\DNSAPI.dll
0x00007ffa619d0000 - 0x00007ffa619d8000 	C:\WINDOWS\System32\NSI.dll
0x00007ffa42d40000 - 0x00007ffa42d52000 	C:\WINDOWS\System32\winrnr.dll
0x00007ffa59ee0000 - 0x00007ffa59ef5000 	C:\WINDOWS\system32\wshbth.dll
0x00007ffa56fe0000 - 0x00007ffa56fea000 	C:\Windows\System32\rasadhlp.dll
0x00007ffa500a0000 - 0x00007ffa5011f000 	C:\WINDOWS\System32\fwpuclnt.dll
0x00007ffa5fed0000 - 0x00007ffa5fef7000 	C:\WINDOWS\System32\bcrypt.dll
0x000000006b350000 - 0x000000006b35d000 	C:\Program Files\Java\jdk1.8.0_181\jre\bin\management.dll
0x000000006b360000 - 0x000000006b371000 	C:\Program Files\Java\jdk1.8.0_181\jre\bin\nio.dll
0x00007ffa5ef30000 - 0x00007ffa5ef48000 	C:\WINDOWS\SYSTEM32\CRYPTSP.dll
0x00007ffa5e6c0000 - 0x00007ffa5e6f4000 	C:\WINDOWS\system32\rsaenh.dll
0x00007ffa5f590000 - 0x00007ffa5f5be000 	C:\WINDOWS\SYSTEM32\USERENV.dll
0x00007ffa5fad0000 - 0x00007ffa5fb53000 	C:\WINDOWS\System32\bcryptprimitives.dll
0x00007ffa5ef50000 - 0x00007ffa5ef5c000 	C:\WINDOWS\SYSTEM32\CRYPTBASE.dll
0x00007ffa54c30000 - 0x00007ffa54c47000 	C:\WINDOWS\SYSTEM32\dhcpcsvc6.DLL
0x00007ffa55750000 - 0x00007ffa5576d000 	C:\WINDOWS\SYSTEM32\dhcpcsvc.DLL

VM Arguments:
jvm_args: -Denv=development -Dfull.stacktrace=false -Dgrails.env=development -Dgrails.full.stacktrace=false -Dinfo.app.grailsVersion=4.0.12 -Dinfo.app.name=tvgserver -Dinfo.app.version=0.1 -Dmanagement.endpoints.shutdown.enabled=true -Drun.active=true -Dspring.output.ansi.enabled=always -Dspring.profiles.active -Dverbose=false -XX:+TieredCompilation -XX:TieredStopAtLevel=1 -XX:CICompilerCount=3 -Xverify:none -XX:TieredStopAtLevel=1 -Xms768m -Xmx1024m -Dfile.encoding=UTF-8 -Duser.country=CN -Duser.language=zh -Duser.variant 
java_command: tvgserver.Application
java_class_path (initial): D:\grailsProjects\tvgserver\src\main\resources;D:\grailsProjects\tvgserver\grails-app\views;D:\grailsProjects\tvgserver\grails-app\i18n;D:\grailsProjects\tvgserver\grails-app\conf;D:\grailsProjects\tvgserver\build\classes\java\main;D:\grailsProjects\tvgserver\build\classes\groovy\main;D:\grailsProjects\tvgserver\gsp-classes;C:\Users\taide\.gradle\caches\modules-2\files-2.1\org.springframework.boot\spring-boot-starter-actuator\2.1.18.RELEASE\be2ffcfcad55546c052862a5d8361c25aa9479cd\spring-boot-starter-actuator-2.1.18.RELEASE.jar;C:\Users\taide\.gradle\caches\modules-2\files-2.1\org.springframework.boot\spring-boot-starter\2.1.18.RELEASE\592bb34f0e2dfb923cfa1d78ef585e7323f31c23\spring-boot-starter-2.1.18.RELEASE.jar;C:\Users\taide\.gradle\caches\modules-2\files-2.1\org.springframework.boot\spring-boot-starter-logging\2.1.18.RELEASE\ec85c17cb9977f8f649569bc5b0fe9d6a0080788\spring-boot-starter-logging-2.1.18.RELEASE.jar;C:\Users\taide\.gradle\caches\modules-2\files-2.1\org.springframework.boot\spring-boot-devtools\2.1.18.RELEASE\6a7bad183a32d6ed838b22b3aa11e86990d697dc\spring-boot-devtools-2.1.18.RELEASE.jar;C:\Users\taide\.gradle\caches\modules-2\files-2.1\org.springframework.boot\spring-boot-actuator-autoconfigure\2.1.18.RELEASE\c162c760123a13ac6238b53cd29b62e21f5e5d\spring-boot-actuator-autoconfigure-2.1.18.RELEASE.jar;C:\Users\taide\.gradle\caches\modules-2\files-2.1\org.grails.plugins\views-json\2.0.4\e14533fc8c7004ee400c336d3b2249c927913f6d\views-json-2.0.4.jar;C:\Users\taide\.gradle\caches\modules-2\files-2.1\org.grails\views-core\2.0.4\e015bb6d33476508bc6e2bb523295e0fe61664e5\views-core-2.0.4.jar;C:\Users\taide\.gradle\caches\modules-2\files-2.1\org.grails\grails-plugin-rest\4.0.12\4e493edc078cf21f6191a42fbc95c4888acc053b\grails-plugin-rest-4.0.12.jar;C:\Users\taide\.gradle\caches\modules-2\files-2.1\org.grails\grails-plugin-interceptors\4.0.12\db0668517e3e44bbb1e5406a787280b6128d6ffb\grails-plugin-interceptors-4.0.12.jar;C:\Users\ta
Launcher Type: SUN_STANDARD

Environment Variables:
JAVA_HOME=C:\Program Files\Java\jdk1.8.0_181
PATH=C:\WINDOWS\system32;C:\WINDOWS;C:\WINDOWS\System32\Wbem;C:\WINDOWS\System32\WindowsPowerShell\v1.0\;C:\WINDOWS\System32\OpenSSH\;C:\Program Files (x86)\Common Files\Oracle\Java\javapath;C:\Program Files\Intel\WiFi\bin\;C:\Program Files\Common Files\Intel\WirelessCommon\;D:\Android\SDK\platform-tools\;D:\netcat\;D:\Program Files\PuTTY\;D:\Program Files\Git\cmd;C:\Program Files\TortoiseSVN\bin;C:\WINDOWSsystem32;C:\WINDOWSSystem32Wbem;C:WindowsSysWOW64;"C:\Program Files\Java\jdk1.8.0_181\bin;";"C:\Program Files\Java\jdk1.8.0_181\jre\bin;";"D:\Tomcat8\bin;";C:\Users\taide\AppData\Local\Programs\Python\Python36-32\Scripts\;C:\Users\taide\AppData\Local\Programs\Python\Python36-32\;C:\Users\taide\AppData\Local\Microsoft\WindowsApps;
USERNAME=taide
OS=Windows_NT
PROCESSOR_IDENTIFIER=AMD64 Family 23 Model 17 Stepping 0, AuthenticAMD



---------------  S Y S T E M  ---------------

OS: Windows 10.0 , 64 bit Build 19041 (10.0.19041.1202)

CPU:total 8 (initial active 8) (8 cores per cpu, 1 threads per core) family 23 model 17 stepping 0, cmov, cx8, fxsr, mmx, sse, sse2, sse3, ssse3, sse4.1, sse4.2, popcnt, avx, avx2, aes, clmul, mmxext, 3dnowpref, lzcnt, sse4a, tsc, tscinvbit, tscinv, bmi1

Memory: 4k page, physical 7239248k(1907512k free), swap 17725004k(336k free)

vm_info: Java HotSpot(TM) 64-Bit Server VM (25.181-b13) for windows-amd64 JRE (1.8.0_181-b13), built on Jul  7 2018 04:01:33 by "java_re" with MS VC++ 10.0 (VS2010)

time: Tue Nov 02 16:15:53 2021
elapsed time: 34 seconds (0d 0h 0m 34s)

